#-----------------------------------------------------------
# Vivado v2018.2 (64-bit)
# SW Build 2258646 on Thu Jun 14 20:03:12 MDT 2018
# IP Build 2256618 on Thu Jun 14 22:10:49 MDT 2018
# Start of session at: Tue Mar 14 14:56:07 2023
# Process ID: 13604
# Current directory: C:/Users/rw22242/mult8
# Command line: vivado.exe -gui_launcher_event rodinguilauncherevent1516 C:\Users\rw22242\mult8\mult8.xpr
# Log file: C:/Users/rw22242/mult8/vivado.log
# Journal file: C:/Users/rw22242/mult8\vivado.jou
#-----------------------------------------------------------
start_gui
open_project C:/Users/rw22242/mult8/mult8.xpr
Scanning sources...
Finished scanning sources
INFO: [IP_Flow 19-234] Refreshing IP repositories
INFO: [IP_Flow 19-1704] No user IP repositories specified
INFO: [IP_Flow 19-2313] Loaded Vivado IP repository 'C:/Xilinx/Vivado/2018.2/data/ip'.
open_project: Time (s): cpu = 00:00:08 ; elapsed = 00:00:06 . Memory (MB): peak = 889.730 ; gain = 150.172
update_compile_order -fileset sources_1
exit
INFO: [Common 17-206] Exiting Vivado at Tue Mar 14 14:56:35 2023...
